0 info it worked if it ends with ok
1 verbose cli [ '/usr/bin/nodejs', '/usr/bin/npm', 'run', 'test:single' ]
2 info using npm@3.5.2
3 info using node@v4.2.6
4 verbose run-script [ 'pretest:single', 'test:single', 'posttest:single' ]
5 info lifecycle @bharat7gupta/people@1.1.0~pretest:single: @bharat7gupta/people@1.1.0
6 silly lifecycle @bharat7gupta/people@1.1.0~pretest:single: no script for pretest:single, continuing
7 info lifecycle @bharat7gupta/people@1.1.0~test:single: @bharat7gupta/people@1.1.0
8 verbose lifecycle @bharat7gupta/people@1.1.0~test:single: unsafe-perm in lifecycle true
9 verbose lifecycle @bharat7gupta/people@1.1.0~test:single: PATH: /usr/share/npm/bin/node-gyp-bin:/home/gupta/gupta/JavaScript_Practice/open_source/people/node_modules/.bin:/home/gupta/bin:/home/gupta/.local/bin:/home/gupta/bin:/home/gupta/.local/bin:/usr/local/sbin:/usr/local/bin:/usr/sbin:/usr/bin:/sbin:/bin:/usr/games:/usr/local/games:/snap/bin:/snap/bin
10 verbose lifecycle @bharat7gupta/people@1.1.0~test:single: CWD: /home/gupta/gupta/JavaScript_Practice/open_source/people
11 silly lifecycle @bharat7gupta/people@1.1.0~test:single: Args: [ '-c', 'mocha src/index.test.js' ]
12 silly lifecycle @bharat7gupta/people@1.1.0~test:single: Returned: code: 1  signal: null
13 info lifecycle @bharat7gupta/people@1.1.0~test:single: Failed to exec test:single script
14 verbose stack Error: @bharat7gupta/people@1.1.0 test:single: `mocha src/index.test.js`
14 verbose stack Exit status 1
14 verbose stack     at EventEmitter.<anonymous> (/usr/share/npm/lib/utils/lifecycle.js:232:16)
14 verbose stack     at emitTwo (events.js:87:13)
14 verbose stack     at EventEmitter.emit (events.js:172:7)
14 verbose stack     at ChildProcess.<anonymous> (/usr/share/npm/lib/utils/spawn.js:24:14)
14 verbose stack     at emitTwo (events.js:87:13)
14 verbose stack     at ChildProcess.emit (events.js:172:7)
14 verbose stack     at maybeClose (internal/child_process.js:821:16)
14 verbose stack     at Process.ChildProcess._handle.onexit (internal/child_process.js:211:5)
15 verbose pkgid @bharat7gupta/people@1.1.0
16 verbose cwd /home/gupta/gupta/JavaScript_Practice/open_source/people
17 error Linux 4.4.0-47-generic
18 error argv "/usr/bin/nodejs" "/usr/bin/npm" "run" "test:single"
19 error node v4.2.6
20 error npm  v3.5.2
21 error code ELIFECYCLE
22 error @bharat7gupta/people@1.1.0 test:single: `mocha src/index.test.js`
22 error Exit status 1
23 error Failed at the @bharat7gupta/people@1.1.0 test:single script 'mocha src/index.test.js'.
23 error Make sure you have the latest version of node.js and npm installed.
23 error If you do, this is most likely a problem with the @bharat7gupta/people package,
23 error not with npm itself.
23 error Tell the author that this fails on your system:
23 error     mocha src/index.test.js
23 error You can get information on how to open an issue for this project with:
23 error     npm bugs @bharat7gupta/people
23 error Or if that isn't available, you can get their info via:
23 error     npm owner ls @bharat7gupta/people
23 error There is likely additional logging output above.
24 verbose exit [ 1, true ]
